<?xml version="1.0" encoding="UTF-8"?><testsuite errors="1" failures="0" name="Academy Choucair" skipped="0" tests="1" time="4.47" timestamp="2021-10-08 12:12:10"><testcase name="Search for a automation course"><error type="java.lang.NullPointerException"/><system-err>null&#13;
co.com.choucair.certification.proyectobase.tasks.Login.OnThePage(Login.java:23)&#13;
co.com.choucair.certification.proyectobase.stepdefinition.ChoucairAcademyStepDefinition.thanJulianaWantsToLearnAutomationAtTheAcademyChoucair(ChoucairAcademyStepDefinition.java:28)&#13;
✽.than Juliana wants to learn automation at the academy Choucair(src/test/resources/features/academyChoucair.feature:13)&#13;
</system-err></testcase></testsuite>