<?xml version="1.0" encoding="UTF-8"?><testsuite errors="1" failures="0" name="Academy Choucair" skipped="0" tests="1" time="122.04" timestamp="2021-10-08 09:44:32"><testcase name="Buscar un curso para el aprendizaje de automatizacion"><error type="java.lang.NullPointerException"/><system-err>null&#13;
co.com.choucair.certification.proyectobase.tasks.Search.the(Search.java:15)&#13;
co.com.choucair.certification.proyectobase.stepdefinition.ChoucairAcademyStepDefinition.ella_busca_sobre_el_curso_Recursos_automatizacion_Bancolombia_en_la_plataforma_Academia_Choucair(ChoucairAcademyStepDefinition.java:31)&#13;
✽.ella busca sobre el curso Recursos automatizacion Bancolombia en la plataforma Academia Choucair(src/test/resources/features/academyChoucair.feature:12)&#13;
</system-err></testcase></testsuite>