<?xml version="1.0" encoding="UTF-8"?><testsuite errors="1" failures="0" name="Academia Choucair" skipped="0" tests="1" time="33.31" timestamp="2021-10-07 08:46:07"><testcase name="Buscar un curso para el aprendizaje de automatizacion"><error message="Could not instantiate class org.openqa.selenium.chrome.ChromeDriver" type="net.thucydides.core.webdriver.DriverConfigurationError">Could not instantiate class org.openqa.selenium.chrome.ChromeDriver</error><system-err>Could not instantiate class org.openqa.selenium.chrome.ChromeDriver&#13;
co.com.choucair.certification.proyectobase.tasks.OpenUp.performAs(OpenUp.java:21)&#13;
co.com.choucair.certification.proyectobase.stepdefinition.ChoucairAcademyStepDefinition.que_nuestra_cliente_Juliana_quiere_aprender_sobre_la_automatizacion_en_la_academia_Choucair(ChoucairAcademyStepDefinition.java:20)&#13;
cucumber.runner.Runner.runPickle(Runner.java:80)&#13;
</system-err></testcase></testsuite>